<?xml version="1.0" encoding="UTF-8" ?>
<testsuite tests="10" failures="0" name="mylib.BSTTest" time="0.019" errors="0" skipped="0">
  <properties>
[...]
</properties>
  <testcase classname="mylib.BSTTest" name="testPrintInOrder" time="0.019"/>
  <testcase classname="mylib.BSTTest" name="testInsertIntoEmptyBST" time="0"/>
  <testcase classname="mylib.BSTTest" name="testPrintBF" time="0"/>
  <testcase classname="mylib.BSTTest" name="insertNode" time="0"/>
  <testcase classname="mylib.BSTTest" name="testDelete" time="0"/>
  <testcase classname="mylib.BSTTest" name="testInsert" time="0"/>
  <testcase classname="mylib.BSTTest" name="testClearBST" time="0"/>
  <testcase classname="mylib.BSTTest" name="testSearch" time="0"/>
  <testcase classname="mylib.BSTTest" name="testEmptyBST" time="0"/>
  <testcase classname="mylib.BSTTest" name="testInsertAndDelete" time="0"/>
</testsuite>